<?xml version="1.0" encoding="UTF-8"?>
<testng-results skipped="0" failed="0" ignored="0" total="1" passed="1">
  <reporter-output>
  </reporter-output>
  <suite name="Command line suite" duration-ms="44" started-at="2018-09-19T12:29:46Z" finished-at="2018-09-19T12:29:46Z">
    <groups>
    </groups>
    <test name="Command line test" duration-ms="44" started-at="2018-09-19T12:29:46Z" finished-at="2018-09-19T12:29:46Z">
      <class name="com.qainfotech.hris.loginNGTest">
        <test-method status="PASS" signature="testSomeMethod()[pri:0, instance:com.qainfotech.hris.loginNGTest@60f82f98]" name="testSomeMethod" duration-ms="9" started-at="2018-09-19T17:59:46Z" finished-at="2018-09-19T17:59:46Z">
          <reporter-output>
          </reporter-output>
        </test-method> <!-- testSomeMethod -->
      </class> <!-- com.qainfotech.hris.loginNGTest -->
    </test> <!-- Command line test -->
  </suite> <!-- Command line suite -->
</testng-results>
